<?xml version="1.0" encoding="UTF-8"?>
<!-- Generated by org.testng.reporters.JUnitReportReporter -->
<testsuite skipped="0" hostname="LAPTOP-A003P5EU" name="slackTestSuite.SlackAppValidationTest" tests="5" failures="0" timestamp="2021-01-18T17:19:50 IST" time="34.921" errors="0">
  <testcase name="getDriver" time="0.126" classname="slackTestSuite.SlackAppValidationTest"/>
  <testcase name="slackAppFunction" time="1.428" classname="slackTestSuite.SlackAppValidationTest"/>
  <testcase name="SignInUsingSlack" time="10.209" classname="slackTestSuite.SlackAppValidationTest"/>
  <testcase name="ValidateGiveRecogUsingSlash" time="4.910" classname="slackTestSuite.SlackAppValidationTest"/>
  <testcase name="ValidateGiveRecogUsingShortcut" time="18.248" classname="slackTestSuite.SlackAppValidationTest"/>
</testsuite> <!-- slackTestSuite.SlackAppValidationTest -->
